<?xml version="1.0" encoding="UTF-8"?>
<testsuite xmlns:xsi="http://www.w3.org/2001/XMLSchema-instance" xsi:noNamespaceSchemaLocation="https://maven.apache.org/surefire/maven-surefire-plugin/xsd/surefire-test-report.xsd" version="3.0.2" name="com.restaurantpos.security.SecurityRemediationIntegrationTest" time="12.402" tests="14" errors="0" skipped="0" failures="0">
  <properties>
[...]
</properties>
  <testcase name="kitchenCannotAccessInventoryAdjustment_Returns403" classname="com.restaurantpos.security.SecurityRemediationIntegrationTest" time="0.418">
    <system-out><![CDATA[03:46:40.586 [main] INFO org.springframework.test.context.support.AnnotationConfigContextLoaderUtils -- Could not detect default configuration classes for test class [com.restaurantpos.security.SecurityRemediationIntegrationTest]: SecurityRemediationIntegrationTest does not declare any static, non-private, non-final, nested classes annotated with @Configuration.
03:46:40.697 [main] INFO org.springframework.boot.test.context.SpringBootTestContextBootstrapper -- Found @SpringBootConfiguration com.restaurantpos.RestaurantPosApplication for test class com.restaurantpos.security.SecurityRemediationIntegrationTest

  .   ____          _            __ _ _
 /\\ / ___'_ __ _ _(_)_ __  __ _ \ \ \ \
( ( )\___ | '_ | '_| | '_ \/ _` | \ \ \ \
 \\/  ___)| |_)| | | | | || (_| |  ) ) ) )
  '  |____| .__|_| |_|_| |_\__, | / / / /
 =========|_|==============|___/=/_/_/_/

 :: Spring Boot ::                (v3.4.3)

03:46:41 INFO  c.r.s.SecurityRemediationIntegrationTest - Starting SecurityRemediationIntegrationTest using Java 21.0.12.1 with PID 7276 (started by Steam in E:\posOybek\backend\restaurant-pos-api)
03:46:41 INFO  c.r.s.SecurityRemediationIntegrationTest - No active profile set, falling back to 1 default profile: "default"
03:46:42 INFO  o.s.d.r.c.RepositoryConfigurationDelegate - Bootstrapping Spring Data JPA repositories in DEFAULT mode.
03:46:42 INFO  o.s.d.r.c.RepositoryConfigurationDelegate - Finished Spring Data repository scanning in 176 ms. Found 32 JPA repository interfaces.
03:46:43 INFO  c.z.h.HikariDataSource - POS-Pool - Starting...
03:46:43 INFO  c.z.h.p.HikariPool - POS-Pool - Added connection org.postgresql.jdbc.PgConnection@38923cfe
03:46:43 INFO  c.z.h.HikariDataSource - POS-Pool - Start completed.
03:46:43 INFO  o.f.c.FlywayExecutor - Database: jdbc:postgresql://localhost:5433/pos (PostgreSQL 18.6)
03:46:43 WARN  o.f.c.i.d.b.Database - Flyway upgrade recommended: PostgreSQL 18.6 is newer than this version of Flyway and support has not been tested. The latest supported version of PostgreSQL is 17.
03:46:43 INFO  o.f.c.i.c.DbMigrate - Current version of schema "public": 19
03:46:43 INFO  o.f.c.i.c.DbMigrate - Schema "public" is up to date. No migration necessary.
03:46:44 INFO  o.h.j.i.u.LogHelper - HHH000204: Processing PersistenceUnitInfo [name: default]
03:46:44 INFO  o.hibernate.Version - HHH000412: Hibernate ORM core version 6.6.8.Final
03:46:44 INFO  o.h.c.i.RegionFactoryInitiator - HHH000026: Second-level cache disabled
03:46:44 INFO  o.s.o.j.p.SpringPersistenceUnitInfo - No LoadTimeWeaver setup: ignoring JPA class transformer
03:46:44 WARN  o.h.orm.deprecation - HHH90000025: PostgreSQLDialect does not need to be specified explicitly using 'hibernate.dialect' (remove the property setting and it will be selected by default)
03:46:44 INFO  o.h.o.c.pooling - HHH10001005: Database info:
	Database JDBC URL [Connecting through datasource 'HikariDataSource (POS-Pool)']
	Database driver: undefined/unknown
	Database version: 18.6
	Autocommit mode: undefined/unknown
	Isolation level: undefined/unknown
	Minimum pool size: undefined/unknown
	Maximum pool size: undefined/unknown
03:46:45 INFO  o.h.e.t.j.p.i.JtaPlatformInitiator - HHH000489: No JTA platform available (set 'hibernate.transaction.jta.platform' to enable JTA platform integration)
03:46:47 INFO  o.s.o.j.LocalContainerEntityManagerFactoryBean - Initialized JPA EntityManagerFactory for persistence unit 'default'
03:46:48 INFO  o.s.d.j.r.q.QueryEnhancerFactory - Hibernate is in classpath; If applicable, HQL parser will be used.
03:46:48 WARN  o.s.s.c.a.a.c.InitializeUserDetailsBeanManagerConfigurer$InitializeUserDetailsManagerConfigurer - Global AuthenticationManager configured with an AuthenticationProvider bean. UserDetailsService beans will not be used by Spring Security for automatically configuring username/password login. Consider removing the AuthenticationProvider bean. Alternatively, consider using the UserDetailsService in a manually instantiated DaoAuthenticationProvider. If the current configuration is intentional, to turn off this warning, increase the logging level of 'org.springframework.security.config.annotation.authentication.configuration.InitializeUserDetailsBeanManagerConfigurer' to ERROR
03:46:51 INFO  o.s.b.a.e.w.EndpointLinksResolver - Exposing 4 endpoints beneath base path '/actuator'
03:46:52 INFO  o.s.b.t.m.w.SpringBootMockServletContext - Initializing Spring TestDispatcherServlet ''
03:46:52 INFO  o.s.t.w.s.TestDispatcherServlet - Initializing Servlet ''
03:46:52 INFO  o.s.t.w.s.TestDispatcherServlet - Completed initialization in 6 ms
03:46:52 INFO  o.s.m.s.b.SimpleBrokerMessageHandler - Starting...
03:46:52 INFO  o.s.m.s.b.SimpleBrokerMessageHandler - BrokerAvailabilityEvent[available=true, SimpleBrokerMessageHandler [org.springframework.messaging.simp.broker.DefaultSubscriptionRegistry@3a294ab2]]
03:46:52 INFO  o.s.m.s.b.SimpleBrokerMessageHandler - Started.
03:46:52 INFO  c.r.s.SecurityRemediationIntegrationTest - Started SecurityRemediationIntegrationTest in 11.31 seconds (process running for 12.162)
]]></system-out>
    <system-err><![CDATA[Mockito is currently self-attaching to enable the inline-mock-maker. This will no longer work in future releases of the JDK. Please add Mockito as an agent to your build what is described in Mockito's documentation: https://javadoc.io/doc/org.mockito/mockito-core/latest/org/mockito/Mockito.html#0.3
WARNING: A Java agent has been loaded dynamically (C:\Users\Steam\.m2\repository\net\bytebuddy\byte-buddy-agent\1.15.11\byte-buddy-agent-1.15.11.jar)
WARNING: If a serviceability tool is in use, please run with -XX:+EnableDynamicAgentLoading to hide this warning
WARNING: If a serviceability tool is not in use, please run with -Djdk.instrument.traceUsage for more information
WARNING: Dynamic loading of agents will be disallowed by default in a future release
]]></system-err>
  </testcase>
  <testcase name="negativeQuantityOrderItem_Returns400" classname="com.restaurantpos.security.SecurityRemediationIntegrationTest" time="0.073">
    <system-out><![CDATA[03:46:52 WARN  c.r.c.e.GlobalExceptionHandler - Validation failed: {items[0].quantity=Quantity must be greater than 0}
]]></system-out>
  </testcase>
  <testcase name="validPngImage_Accepted" classname="com.restaurantpos.security.SecurityRemediationIntegrationTest" time="0.022">
    <system-out><![CDATA[03:46:52 INFO  c.r.p.s.ProductImageService - Product image successfully saved: E:\posOybek\backend\restaurant-pos-api\uploads\products\c85fbbbb-9877-4523-b6e4-5033e3123471-real_photo.png
]]></system-out>
  </testcase>
  <testcase name="unauthenticatedRequest_Orders_Returns401" classname="com.restaurantpos.security.SecurityRemediationIntegrationTest" time="0.011"/>
  <testcase name="unauthenticatedRequest_Returns401" classname="com.restaurantpos.security.SecurityRemediationIntegrationTest" time="0.007"/>
  <testcase name="waiterCannotAccessUsersManagement_Returns403" classname="com.restaurantpos.security.SecurityRemediationIntegrationTest" time="0.009"/>
  <testcase name="waiterCannotAccessStockAdjustment_Returns403" classname="com.restaurantpos.security.SecurityRemediationIntegrationTest" time="0.008"/>
  <testcase name="kitchenCannotAccessUsersManagement_Returns403" classname="com.restaurantpos.security.SecurityRemediationIntegrationTest" time="0.01"/>
  <testcase name="spoofedImageFile_RejectedByMagicBytes" classname="com.restaurantpos.security.SecurityRemediationIntegrationTest" time="0.011">
    <system-out><![CDATA[03:46:52 WARN  c.r.p.s.ProductImageService - Magic bytes security check failed for file: shell.png
03:46:52 WARN  c.r.c.e.GlobalExceptionHandler - Business exception: BAD_REQUEST - Fayl xavfsizlik tekshiruvidan o'tmadi: Haqiqiy JPG, PNG yoki WEBP rasm fayli talab qilinadi.
]]></system-out>
  </testcase>
  <testcase name="cashierCannotAccessInventoryAdjustment_Returns403" classname="com.restaurantpos.security.SecurityRemediationIntegrationTest" time="0.013"/>
  <testcase name="waiterCannotAccessSystemInfo_Returns403" classname="com.restaurantpos.security.SecurityRemediationIntegrationTest" time="0.01"/>
  <testcase name="zeroQuantityOrderItem_Returns400" classname="com.restaurantpos.security.SecurityRemediationIntegrationTest" time="0.012">
    <system-out><![CDATA[03:46:52 WARN  c.r.c.e.GlobalExceptionHandler - Validation failed: {items[0].quantity=Quantity must be greater than 0}
]]></system-out>
  </testcase>
  <testcase name="manualSettingPaidStatus_Returns400" classname="com.restaurantpos.security.SecurityRemediationIntegrationTest" time="0.014">
    <system-out><![CDATA[03:46:52 WARN  c.r.c.e.GlobalExceptionHandler - Business exception: BAD_REQUEST - PAID yoki REFUNDED holatini to'g'ridan-to'g'ri o'rnatish taqiqlangan. To'lov tizimidan foydalaning.
]]></system-out>
  </testcase>
  <testcase name="negativeDiscountPercent_Returns400" classname="com.restaurantpos.security.SecurityRemediationIntegrationTest" time="0.019">
    <system-out><![CDATA[03:46:52 WARN  c.r.c.e.GlobalExceptionHandler - Validation failed: {percent=Discount percent must be non-negative}
]]></system-out>
  </testcase>
</testsuite>