<?xml version="1.0" encoding="UTF-8"?>
<testsuite xmlns:xsi="http://www.w3.org/2001/XMLSchema-instance" xsi:noNamespaceSchemaLocation="https://maven.apache.org/surefire/maven-surefire-plugin/xsd/surefire-test-report.xsd" version="3.0.2" name="com.restaurantpos.products.service.ProductImageServiceTest" time="0.164" tests="7" errors="0" skipped="0" failures="0">
  <properties>
[...]
</properties>
  <testcase name="uploadProductImage_ThrowsOnMagicBytesMismatch" classname="com.restaurantpos.products.service.ProductImageServiceTest" time="0.111">
    <system-out><![CDATA[03:45:41.435 [main] WARN com.restaurantpos.products.service.ProductImageService -- Magic bytes security check failed for file: malicious.png
]]></system-out>
  </testcase>
  <testcase name="uploadProductImage_ThrowsOnOversizedFile" classname="com.restaurantpos.products.service.ProductImageServiceTest" time="0.006"/>
  <testcase name="uploadProductImage_Success_Png" classname="com.restaurantpos.products.service.ProductImageServiceTest" time="0.008">
    <system-out><![CDATA[03:45:41.462 [main] INFO com.restaurantpos.products.service.ProductImageService -- Product image successfully saved: C:\Users\Steam\AppData\Local\Temp\junit-12202297139897461192\products\8d2ec4ea-3214-435f-9fb3-e76b2c124633-pizza.png
]]></system-out>
  </testcase>
  <testcase name="uploadProductImage_ThrowsOnEmptyFile" classname="com.restaurantpos.products.service.ProductImageServiceTest" time="0.002"/>
  <testcase name="deleteProductImageFile_DeletesFileCorrectly" classname="com.restaurantpos.products.service.ProductImageServiceTest" time="0.005">
    <system-out><![CDATA[03:45:41.471 [main] INFO com.restaurantpos.products.service.ProductImageService -- Product image successfully saved: C:\Users\Steam\AppData\Local\Temp\junit-14689777521406083129\products\ad487929-dcd1-4400-a11c-c0183f56e58c-pizza-delete.png
03:45:41.471 [main] INFO com.restaurantpos.products.service.ProductImageService -- Deleted product image file: C:\Users\Steam\AppData\Local\Temp\junit-14689777521406083129\products\ad487929-dcd1-4400-a11c-c0183f56e58c-pizza-delete.png
]]></system-out>
  </testcase>
  <testcase name="uploadProductImage_ThrowsOnDisallowedFormat" classname="com.restaurantpos.products.service.ProductImageServiceTest" time="0.002"/>
  <testcase name="uploadProductImage_Success_JpgAndWebp" classname="com.restaurantpos.products.service.ProductImageServiceTest" time="0.005">
    <system-out><![CDATA[03:45:41.478 [main] INFO com.restaurantpos.products.service.ProductImageService -- Product image successfully saved: C:\Users\Steam\AppData\Local\Temp\junit-12413292279437254162\products\3ffc4c76-4cbd-42ba-861f-6de9fcc82a54-margarita.jpg
03:45:41.480 [main] INFO com.restaurantpos.products.service.ProductImageService -- Product image successfully saved: C:\Users\Steam\AppData\Local\Temp\junit-12413292279437254162\products\92f51868-e9f0-4902-afe4-9f16d749bbac-burger.webp
]]></system-out>
  </testcase>
</testsuite>